
> @finance-app/web@1.0.0 build
> next build

   ▲ Next.js 15.5.19

   Creating an optimized production build ...
 ✓ Compiled successfully in 9.6s
   Linting and checking validity of types ...

 ⚠ The Next.js plugin was not detected in your ESLint configuration. See https://nextjs.org/docs/app/api-reference/config/eslint#migrating-existing-config
   Collecting page data ...
   Generating static pages (0/15) ...
   Generating static pages (3/15) 
   Generating static pages (7/15) 
   Generating static pages (11/15) 
 ✓ Generating static pages (15/15)
   Finalizing page optimization ...
   Collecting build traces ...

Route (app)                                 Size  First Load JS
┌ ○ /                                     2.4 kB         139 kB
├ ○ /_not-found                            987 B         104 kB
├ ○ /accounts                             3.5 kB         144 kB
├ ○ /credit-cards                        2.41 kB         143 kB
├ ƒ /credit-cards/[id]                   3.55 kB         141 kB
├ ○ /debts                               2.44 kB         143 kB
├ ƒ /debts/[id]                          2.64 kB         140 kB
├ ○ /goals                               2.23 kB         143 kB
├ ƒ /goals/[id]                          3.01 kB         140 kB
├ ○ /investments                         2.44 kB         143 kB
├ ƒ /investments/[id]                    2.85 kB         140 kB
├ ○ /login                               1.94 kB         108 kB
├ ○ /manifest.webmanifest                  122 B         103 kB
├ ○ /more                                 2.6 kB         108 kB
├ ○ /register                               2 kB         108 kB
├ ○ /reports                              111 kB         247 kB
└ ○ /transactions                         3.4 kB         140 kB
+ First Load JS shared by all             103 kB
  ├ chunks/18-a6801e2fc629b9f0.js        46.3 kB
  ├ chunks/87c73c54-24122e7b92478d00.js  54.2 kB
  └ other shared chunks (total)             2 kB


○  (Static)   prerendered as static content
ƒ  (Dynamic)  server-rendered on demand

